SF:lib/core/error/failure.dart
DA:6,4
DA:8,0
DA:9,0
DA:14,0
DA:17,4
LF:5
LH:2
end_of_record
SF:lib/features/auth/domain/entity/user_entity.dart
DA:11,1
DA:19,0
DA:20,0
DA:21,0
DA:22,0
LF:5
LH:1
end_of_record
SF:lib/features/auth/domain/usecase/auth_register_usecase.dart
DA:15,2
DA:22,1
DA:29,2
DA:30,10
DA:38,1
DA:40,1
DA:42,1
DA:43,1
DA:44,1
DA:45,1
DA:46,1
DA:49,2
LF:12
LH:12
end_of_record
SF:lib/features/auth/domain/usecase/auth_login_use_case.dart
DA:11,2
DA:13,1
DA:14,2
DA:15,6
DA:21,1
DA:24,1
DA:26,2
DA:27,1
DA:28,1
LF:9
LH:9
end_of_record
SF:lib/features/auth/presentation/view/login_screen.dart
DA:8,1
DA:13,1
DA:15,1
DA:16,1
DA:17,1
DA:18,1
DA:19,1
DA:21,1
DA:22,1
DA:23,3
DA:25,1
DA:26,2
DA:27,2
DA:28,3
DA:30,2
DA:31,2
DA:32,1
DA:33,2
DA:36,1
DA:39,1
DA:41,1
DA:42,2
DA:52,1
DA:53,3
DA:55,1
DA:56,2
DA:58,3
DA:63,1
DA:65,1
DA:66,1
DA:76,1
DA:77,3
DA:78,1
DA:79,1
DA:81,2
DA:86,1
DA:88,1
DA:89,1
DA:91,1
DA:92,1
DA:101,1
DA:103,1
DA:104,1
DA:105,1
DA:106,1
DA:109,1
DA:110,1
DA:113,1
DA:114,3
DA:115,1
DA:116,3
DA:129,1
DA:130,1
DA:132,0
DA:133,1
DA:138,1
DA:140,1
DA:142,1
DA:144,2
LF:59
LH:58
end_of_record
SF:lib/features/auth/presentation/view_model/login_view_model/login_event.dart
DA:4,3
DA:6,0
DA:7,0
DA:13,3
DA:15,1
DA:16,2
DA:22,3
DA:24,1
DA:25,2
DA:32,3
DA:34,1
DA:35,3
LF:12
LH:10
end_of_record
SF:lib/features/auth/presentation/view_model/login_view_model/login_state.dart
DA:18,3
DA:27,1
DA:35,1
DA:36,1
DA:37,1
DA:38,1
DA:39,1
DA:40,1
DA:41,1
DA:45,1
DA:46,1
DA:47,1
DA:48,1
DA:49,1
DA:50,1
DA:51,1
DA:52,1
LF:17
LH:17
end_of_record
SF:lib/features/auth/presentation/view_model/login_view_model/login_viewmodel.dart
DA:8,3
DA:9,2
DA:10,2
DA:11,2
DA:14,1
DA:15,1
DA:17,3
DA:20,1
DA:24,1
DA:26,3
DA:29,1
DA:30,1
DA:31,1
DA:33,1
DA:34,2
DA:35,1
DA:36,1
DA:42,2
DA:44,2
DA:45,1
DA:48,2
DA:49,3
DA:50,1
DA:51,3
LF:24
LH:24
end_of_record
SF:lib/features/auth/presentation/view/email_screen.dart
DA:8,1
DA:10,1
DA:12,1
DA:13,1
DA:14,1
DA:16,1
DA:17,1
DA:18,3
DA:20,1
DA:21,2
DA:22,2
DA:23,1
DA:24,2
DA:27,2
DA:28,2
DA:29,3
DA:31,1
DA:34,1
DA:36,1
DA:37,1
DA:38,1
DA:39,1
DA:51,1
DA:53,1
DA:54,3
DA:73,1
DA:76,1
DA:77,1
DA:78,1
DA:79,1
DA:82,1
DA:83,1
DA:86,1
DA:87,3
DA:101,1
DA:103,1
DA:104,1
DA:105,1
LF:38
LH:38
end_of_record
SF:lib/features/auth/presentation/view_model/register_view_model/register_event.dart
DA:5,3
DA:7,0
DA:8,0
DA:13,2
DA:15,1
DA:16,2
DA:20,1
DA:22,0
DA:23,0
DA:28,1
DA:30,0
DA:31,0
DA:36,1
DA:38,0
DA:39,0
DA:46,2
DA:48,1
DA:49,2
DA:54,1
DA:56,0
DA:57,0
DA:62,1
DA:64,0
DA:65,0
DA:74,1
DA:76,0
DA:77,0
DA:85,0
LF:28
LH:13
end_of_record
SF:lib/features/auth/presentation/view_model/register_view_model/register_state.dart
DA:13,6
DA:22,1
DA:30,1
DA:31,1
DA:32,1
DA:33,1
DA:34,1
DA:35,1
DA:36,1
DA:40,1
DA:41,1
DA:42,1
DA:43,1
DA:44,1
DA:45,1
DA:46,1
DA:47,1
LF:17
LH:17
end_of_record
SF:lib/features/auth/presentation/view_model/register_view_model/register_viewmodel.dart
DA:11,2
DA:12,2
DA:13,2
DA:14,2
DA:15,2
DA:16,2
DA:17,2
DA:18,1
DA:19,2
DA:20,2
DA:21,2
DA:24,1
DA:28,1
DA:30,3
DA:33,1
DA:37,1
DA:39,3
DA:42,1
DA:46,1
DA:48,3
DA:51,1
DA:55,1
DA:57,3
DA:60,1
DA:64,3
DA:65,2
DA:66,1
DA:68,1
DA:69,2
DA:77,1
DA:81,3
DA:82,2
DA:83,1
DA:85,1
DA:86,2
DA:94,1
DA:98,3
DA:99,2
DA:100,1
DA:102,1
DA:103,2
DA:111,1
DA:115,3
DA:117,2
DA:118,1
DA:119,1
DA:120,1
DA:121,1
DA:122,1
DA:126,2
DA:128,1
DA:129,1
DA:130,1
DA:131,2
DA:138,1
DA:139,1
DA:140,2
DA:149,1
DA:150,1
DA:151,2
DA:156,0
DA:160,0
DA:161,0
DA:162,0
DA:163,0
LF:65
LH:60
end_of_record
